[20May2025 00:00:11.901] [Server thread/INFO] [de.mrjulsen.crn.CreateRailwaysNavigator/]: Stopping train listener...
[20May2025 00:00:11.910] [Server thread/INFO] [de.mrjulsen.crn.CreateRailwaysNavigator/]: Stopping Advanced Display Data Manager...
[20May2025 00:00:11.911] [Server thread/INFO] [de.mrjulsen.crn.CreateRailwaysNavigator/]: All events have been closed.
[20May2025 00:00:11.912] [Config file watcher thread/INFO] [portb.configlib.ConfigLib/]: Watcher has shut down
[20May2025 00:00:11.963] [Advanced Display Data Manager/INFO] [de.mrjulsen.crn.CreateRailwaysNavigator/]: Advanced Display Data Manager has been stopped.
[20May2025 00:00:11.966] [CRN Train Listener/INFO] [de.mrjulsen.crn.CreateRailwaysNavigator/]: Train listener has been stopped.
[20May2025 00:00:12.044] [Server thread/INFO] [net.minecraft.server.MinecraftServer/]: Stopping server
[20May2025 00:00:12.045] [Server thread/INFO] [net.minecraft.server.MinecraftServer/]: Saving players
[20May2025 00:00:12.162] [Server thread/INFO] [net.minecraft.server.network.ServerGamePacketListenerImpl/]: ItsGermanXD137 lost connection: Server closed
[20May2025 00:00:12.163] [Server thread/INFO] [net.minecraft.server.MinecraftServer/]: ItsGermanXD137 left the game
[20May2025 00:00:12.163] [Server thread/INFO] [xaero.pac.OpenPartiesAndClaims/]: Updating all forceload tickets for 9c0c0d0e-4246-3876-8ed8-bf20a695d3d0
[20May2025 00:00:12.279] [Server thread/INFO] [net.minecraft.server.MinecraftServer/]: Saving worlds
[20May2025 00:00:12.807] [Worker-Main-207/WARN] [net.minecraft.world.entity.EntityType/]: Skipping Entity with id aquaculture:arrau_turtle
[20May2025 00:00:12.807] [Worker-Main-207/WARN] [net.minecraft.world.entity.decoration.ItemFrame/]: Unable to load item from: {Count:1b,id:"aquaculture:box_turtle"}
[20May2025 00:00:12.807] [Worker-Main-207/WARN] [net.minecraft.world.entity.decoration.ItemFrame/]: Unable to load item from: {Count:1b,id:"aquaculture:starshell_turtle"}
[20May2025 00:00:12.808] [Worker-Main-207/WARN] [net.minecraft.world.entity.decoration.ItemFrame/]: Unable to load item from: {Count:1b,id:"aquaculture:arrau_turtle"}
[20May2025 00:00:12.808] [Worker-Main-207/WARN] [net.minecraft.world.entity.EntityType/]: Skipping Entity with id aquaculture:box_turtle
[20May2025 00:00:12.808] [Worker-Main-207/WARN] [net.minecraft.world.entity.EntityType/]: Skipping Entity with id aquaculture:box_turtle
[20May2025 00:00:12.808] [Worker-Main-207/WARN] [net.minecraft.world.entity.EntityType/]: Skipping Entity with id aquaculture:box_turtle
[20May2025 00:00:12.808] [Worker-Main-207/WARN] [net.minecraft.world.entity.EntityType/]: Skipping Entity with id aquaculture:box_turtle
[20May2025 00:00:12.808] [Worker-Main-207/WARN] [net.minecraft.world.entity.EntityType/]: Skipping Entity with id aquaculture:box_turtle
[20May2025 00:00:12.809] [Worker-Main-207/WARN] [net.minecraft.world.entity.EntityType/]: Skipping Entity with id aquaculture:box_turtle
[20May2025 00:00:12.809] [Worker-Main-207/WARN] [net.minecraft.world.entity.EntityType/]: Skipping Entity with id aquaculture:box_turtle
[20May2025 00:00:12.809] [Worker-Main-207/WARN] [net.minecraft.world.entity.decoration.ItemFrame/]: Unable to load item from: {Count:1b,id:"aquaculture:iron_fillet_knife",tag:{Damage:0}}
[20May2025 00:00:12.809] [Worker-Main-207/WARN] [net.minecraft.world.entity.decoration.ItemFrame/]: Unable to load item from: {Count:1b,id:"aquaculturedelight:turtle_meat_dish"}
[20May2025 00:00:12.809] [Worker-Main-207/WARN] [net.minecraft.world.entity.decoration.ItemFrame/]: Unable to load item from: {Count:1b,id:"aquaculturedelight:turtle_meat_dish"}
[20May2025 00:00:12.810] [Worker-Main-207/WARN] [net.minecraft.world.entity.EntityType/]: Skipping Entity with id aquaculture:arrau_turtle
[20May2025 00:00:12.810] [Worker-Main-207/WARN] [net.minecraft.world.entity.EntityType/]: Skipping Entity with id aquaculture:arrau_turtle
[20May2025 00:00:12.810] [Worker-Main-207/WARN] [net.minecraft.world.entity.EntityType/]: Skipping Entity with id aquaculture:arrau_turtle
[20May2025 00:00:12.810] [Worker-Main-207/WARN] [net.minecraft.world.entity.EntityType/]: Skipping Entity with id aquaculture:arrau_turtle
[20May2025 00:00:13.480] [Server thread/INFO] [net.minecraft.server.MinecraftServer/]: Saving chunks for level 'ServerLevel[world]'/minecraft:overworld
[20May2025 00:00:14.769] [Server thread/INFO] [net.minecraft.server.MinecraftServer/]: Saving chunks for level 'ServerLevel[world]'/minecraft:the_end
[20May2025 00:00:14.770] [Server thread/INFO] [net.minecraft.server.MinecraftServer/]: Saving chunks for level 'ServerLevel[world]'/minecraft:the_nether
[20May2025 00:00:14.772] [Server thread/INFO] [net.minecraft.server.MinecraftServer/]: Saving chunks for level 'ServerLevel[world]'/the_bumblezone:the_bumblezone
[20May2025 00:00:14.773] [Server thread/INFO] [net.minecraft.server.MinecraftServer/]: Saving chunks for level 'ServerLevel[world]'/graveyard:past
[20May2025 00:00:15.013] [Server thread/INFO] [net.minecraft.server.MinecraftServer/]: ThreadedAnvilChunkStorage (world): All chunks are saved
[20May2025 00:00:15.013] [Server thread/INFO] [net.minecraft.server.MinecraftServer/]: ThreadedAnvilChunkStorage (DIM1): All chunks are saved
[20May2025 00:00:15.013] [Server thread/INFO] [net.minecraft.server.MinecraftServer/]: ThreadedAnvilChunkStorage (DIM-1): All chunks are saved
[20May2025 00:00:15.013] [Server thread/INFO] [net.minecraft.server.MinecraftServer/]: ThreadedAnvilChunkStorage (the_bumblezone): All chunks are saved
[20May2025 00:00:15.013] [Server thread/INFO] [net.minecraft.server.MinecraftServer/]: ThreadedAnvilChunkStorage (past): All chunks are saved
[20May2025 00:00:15.013] [Server thread/INFO] [net.minecraft.server.MinecraftServer/]: ThreadedAnvilChunkStorage: All dimensions are saved
[20May2025 00:00:15.503] [Server thread/INFO] [DragonLib/]: Stopping DragonLib Network Manager (Server) worker thread...
[20May2025 00:00:15.503] [DragonLib Network Manager (Server)/INFO] [DragonLib/]: DragonLib Network Manager (Server) worker thread has been stopped!
[20May2025 00:00:15.504] [Server thread/INFO] [Framework/]: Unloading server configs...
[20May2025 00:00:15.505] [Server thread/INFO] [Framework/]: Sending config unload event for refurbished_furniture.server.toml
[20May2025 00:00:15.510] [Server thread/INFO] [Framework/]: Sending config unload event for goblintraders-entities.toml
[20May2025 00:00:15.511] [Server thread/INFO] [Framework/]: Finished unloading server configs
[20May2025 00:00:15.511] [Server thread/INFO] [xaero.pac.OpenPartiesAndClaims/]: Stopping IO worker...
[20May2025 00:00:15.512] [Server thread/INFO] [xaero.pac.OpenPartiesAndClaims/]: Stopped IO worker!
[20May2025 00:00:15.522] [Server thread/INFO] [journeymap/]: Loading JourneyMap Forge Configs
